
2025-10-21 16:35:04.783773 - Opened serial ports IN=/dev/ttyUSB1 OUT=/dev/ttyUSB0
2025-10-21 16:35:06.786100 - 2025-10-21T20:35:06.786026+00:00Z - IN->OUT: .show serialnr;

2025-10-21 16:35:07.787349 - 2025-10-21T20:35:07.787289+00:00Z - OUT->IN: .OK;

2025-10-21 16:35:08.788161 - 2025-10-21T20:35:08.788110+00:00Z - IN->OUT: .show serialnr;

2025-10-21 16:35:09.789451 - 2025-10-21T20:35:09.789402+00:00Z - OUT->IN: .SerialNr='12:0026       ';
.OK;

2025-10-21 16:35:10.790232 - 2025-10-21T20:35:10.790143+00:00Z - IN->OUT: .show serialnr;

2025-10-21 16:35:11.791598 - 2025-10-21T20:35:11.791526+00:00Z - OUT->IN: .SerialNr='12:0026       ';
.OK;

2025-10-21 16:35:12.791599 - 2025-10-21T20:35:12.791497+00:00Z - IN->OUT: .show version;
.show pathlength;
.show installheight;
.show zerodisplacement;

2025-10-21 16:35:13.791999 - 2025-10-21T20:35:13.791922+00:00Z - IN->OUT: .show diameter;
.show bowenratio;
.show humidity;
.show airheatcapacity;

2025-10-21 16:35:13.793710 - 2025-10-21T20:35:13.793594+00:00Z - OUT->IN: .Version='SerialNr';'12:0026       ';'DocNr';'120-0371500-4';'Rel';20;'Boot';200;'Firmware';302;
.OK;
.PathLength=2280.0;
.OK;
.InstallHeight=5.06;
.OK;
.ZeroDisplacement=0.00;
.OK;

2025-10-21 16:35:14.792419 - 2025-10-21T20:35:14.792342+00:00Z - IN->OUT: .show empiricalconstant;
.show operatingtemp;
.show standbytemp;
.show defaultairtemp;

2025-10-21 16:35:14.826696 - 2025-10-21T20:35:14.826593+00:00Z - OUT->IN: .Diameter=149.0;
.OK;
.BowenRatio=1.000;
.OK;
.Humidity=50.0;
.OK;
.AirHeatCapacity=1000.0;
.OK;
.EmpiricalConsta
2025-10-21 16:35:15.792839 - 2025-10-21T20:35:15.792746+00:00Z - IN->OUT: .show defaultairpressure;
.show defaultwindspeed;
.show wakeuptime;
.show sleeptime;

2025-10-21 16:35:15.827064 - 2025-10-21T20:35:15.826964+00:00Z - OUT->IN: nt=0.48;
.OK;
.OperatingTemp=18.0;
.OK;
.StandbyTemp=05.0;
.OK;
.DefaultAirTemp=17.0;
.OK;
.DefaultAirPress
2025-10-21 16:35:16.793261 - 2025-10-21T20:35:16.793191+00:00Z - IN->OUT: .show warmuptime;
.show loginterval;
.show sendinterval;
.show date;

2025-10-21 16:35:16.827439 - 2025-10-21T20:35:16.827325+00:00Z - OUT->IN: ure=1012;
.OK;
.DefaultWindspeed=02.2;
.OK;
.WakeupTime=99:99;
.OK;
.SleepTime=99:99;
.OK;
.WarmupTime=00;
.OK;
.LogInter
2025-10-21 16:35:17.794188 - 2025-10-21T20:35:17.794116+00:00Z - IN->OUT: .show time;
.get position;

2025-10-21 16:35:17.860352 - 2025-10-21T20:35:17.860241+00:00Z - OUT->IN: val=60;
.OK;
.SendInterval=00;
.OK;
.Date=25/10/21;
.OK;
.Time=20:35:23;
.OK;
.STATUS=7;203518.000;a;4135.7205;n;07054.6014;w;0.00;55.09;211025;;;a;7

2025-10-21 16:35:18.894202 - 2025-10-21T20:35:18.894147+00:00Z - OUT->IN: .OK;

2025-10-21 16:35:54.930564 - 2025-10-21T20:35:54.930434+00:00Z - OUT->IN: .DATA=10;64;1176184;25/10/21;20:36:00;219.8;1.710E-02;3.253E-16;6.507E-17;5.060E-16;2.060E-16;3.487E-04;1.389E+00;25.0;17.0;1012;2.2;^)

2025-10-21 16:35:58.835469 - 2025-10-21T20:35:58.835376+00:00Z - IN->OUT: .get status;

2025-10-21 16:35:58.966508 - 2025-10-21T20:35:58.966436+00:00Z - OUT->IN: .STATUS=2;64;1130881;1176185;25/10/21;20:36:04;241.4;1.620E-02;2.917E-16;3.821E-18;2.974E-16;2.834E-16;3.128E-04;1.280E+00;25.0;17.0;1012;2.2;J
2025-10-21 16:35:59.835783 - 2025-10-21T20:35:59.835711+00:00Z - IN->OUT: .stop=0;.play=10;.get status;

2025-10-21 16:35:59.999436 - 2025-10-21T20:35:59.999383+00:00Z - OUT->IN: 
.OK;
.STATUS=2;64;1130881;1176185;25/10/21;20:36:05;242.4;1.606E-02;2.869E-16;5.044E-18;2.999E-16;2.786E-16;3.077E-04;1.265E+00;25.0;17.0;1012;2.2;,
.OK;
.DATA=10;77;1176140;25/10/21;19:52:00;222
2025-10-21 16:36:01.045631 - 2025-10-21T20:36:01.045444+00:00Z - OUT->IN: .3;2.162E-02;5.198E-16;8.293E-17;6.980E-16;3.719E-16;5.573E-04;1.975E+00;25.0;17.0;1012;2.2;i
.DATA=10;77;1176141;25/10/21;19:53:00;217.4;5.466E-02;3.323E-15;8.873E-15;6.023E-14;4.043E-16;3.563E-03;7.939E+00;25.0;17.0;1012;2.2;x
.DATA=10;64;1176142;25/10/21;19:54:00;221.2;2.153E-02;5.157E-16;1.237E-16;8.426E-16;3.841E-16;5.529E-04;1.963E+00;25.0;17.0;1012;2.2;^%
.DATA=10;64;1176143;25/10/21;19:55:00;221.6;2.372E-02;6.255E-16;1.231E-16;9.056E-16;3.758E-16;6.707E-04;2.269E+00;25.0;17.0;1012;2.2;z
.DATA=10;77;1176144;25/10/21;19:56:00;216.0;5.276E-02;3.095E-15;7.972E-15;5.406E-14;3.799E-16;3.319E-03;7.529E+00;25.0;17.0;1012;2.2;d
.DATA=10;77;1176145;25/10/21;19:57:00;216.1;6.126E-02;4.175E-15;1.166E-14;7.764E-14;2.926E-16;4.475E-03;9.420E+00;25.0;17.0;1012;2.2;v
.DATA=10;77;1176146;25/10/21;19:58:00;213.9;6.129E-02;4.179E-15;1.181E-14;7.853E-14;3.086E-16;4.480E-03;9.427E+00;25.0;17.0;1012;2.2;k
.DATA=10;64;1176147;25/10/21;19:59:00;217.2;1.717E-02;3.278E-16;7.144E-17;5.414E-16;2.150E-16;3.514E-04;1.397E+0
2025-10-21 16:36:02.514974 - 2025-10-21T20:36:02.514801+00:00Z - OUT->IN: 0;25.0;17.0;1012;2.2;~
.DATA=10;77;1176148;25/10/21;20:00:00;216.0;4.741E-02;2.501E-15;6.957E-15;4.769E-14;2.531E-16;2.681E-03;6.414E+00;25.0;17.0;1012;2.2;^-
.DATA=10;64;1176149;25/10/21;20:01:00;217.1;1.643E-02;3.001E-16;6.573E-17;5.009E-16;1.971E-16;3.217E-04;1.308E+00;25.0;17.0;1012;2.2;^?
.DONE=1176140;10;1;

2025-10-21 16:36:02.838134 - 2025-10-21T20:36:02.838070+00:00Z - IN->OUT: .replay

2025-10-21 16:36:03.614978 - 2025-10-21T20:36:03.614835+00:00Z - OUT->IN: .OK;
.DATA=10;77;1176140;25/10/21;19:52:00;222.3;2.162E-02;5.198E-16;8.293E-17;6.980E-16;3.719E-16;5.573E-04;1.975E+00;25.0;17.0;1012;2.2;i
.DATA=10;77;1176141;25/10/21;19:53:00;217.4;5.466E-02;3.323E-15;8.873E-15;6.023E-14;4.043E-16;3.563E-03;7.939E+00;25.0;17.0;1012;2.2;x
.DATA=10;64;1176142;25/10/21;19:54:00;221.2;2.153E-02;5.157E-16;1.237E-16;8.426E-16;3.841E-16;5.529E-04;1.963E+00;25.0;17.0;1012;2.2;^%
.DATA=10;64;1176143;25/10/21;19:55:00;221.6;2.372E-02;6.255E-16;1.231E-16;9.056E-16;3.758E-16;6.707E-04;2.269E+00;25.0;17.0;1012;2.2;z
.DATA=10;77;1176144;25/10/21;19:56:00;216.0;5.276E-02;3.095E-15;7.972E-15;5.406E-14;3.799E-16;3.319E-03;7.529E+00;25.0;17.0;1012;2.2;d

2025-10-21 16:36:04.916506 - 2025-10-21T20:36:04.916282+00:00Z - OUT->IN: .DATA=10;77;1176145;25/10/21;19:57:00;216.1;6.126E-02;4.175E-15;1.166E-14;7.764E-14;2.926E-16;4.475E-03;9.420E+00;25.0;17.0;1012;2.2;v
.DATA=10;77;1176146;25/10/21;19:58:00;213.9;6.129E-02;4.179E-15;1.181E-14;7.853E-14;3.086E-16;4.480E-03;9.427E+00;25.0;17.0;1012;2.2;k
.DATA=10;64;1176147;25/10/21;19:59:00;217.2;1.717E-02;3.278E-16;7.144E-17;5.414E-16;2.150E-16;3.514E-04;1.397E+00;25.0;17.0;1012;2.2;~
.DATA=10;77;1176148;25/10/21;20:00:00;216.0;4.741E-02;2.501E-15;6.957E-15;4.769E-14;2.531E-16;2.681E-03;6.414E+00;25.0;17.0;1012;2.2;^-
.DATA=10;64;1176149;25/10/21;20:01:00;217.1;1.643E-02;3.001E-16;6.573E-17;5.009E-16;1.971E-16;3.217E-04;1.308E+00;25.0;17.0;1012;2.2;^?
.DONE=1176140;10;1;

2025-10-21 16:36:05.840836 - 2025-10-21T20:36:05.840756+00:00Z - IN->OUT: .cont;

2025-10-21 16:36:06.217462 - 2025-10-21T20:36:06.217316+00:00Z - OUT->IN: .OK;
.DATA=10;77;1176150;25/10/21;20:02:00;217.6;3.179E-02;1.124E-15;2.347E-15;1.660E-14;2.550E-16;1.205E-03;3.521E+00;25.0;17.0;1012;2.2;^K
.DATA=10;77;1176151;25/10/21;20:03:00;212.1;7.206E-02;5.775E-15;1.683E-14;1.113E-13;2.426E-16;6.192E-03;1.202E+01;25.0;17.0;1012;2.2;^H

2025-10-21 16:36:07.288820 - 2025-10-21T20:36:07.288754+00:00Z - OUT->IN: .DATA=10;64;1176152;25/10/21;20:04:00;216.2;1.988E-02;4.397E-16;1.208E-16;1.135E-15;2.905E-16;4.715E-04;1.742E+00;25.0;17.0;1012;2.2;^/
.DATA=10;64;1176153;25/10/21;20:05:00;216.3;1.593E-02;2.822E-16;5.265E-17;4.662E-16;1.904E-16;3.025E-04;1.249E+00;25.0;17.0;1012;2.2;^3
.DATA=10;77;1176154;25/10/21;20:06:00;211.3;4.862E-02;2.629E-15;8.131E-15;5.452E-14;1.944E-16;2.819E-03;6.660E+00;25.0;17.0;1012;2.2;^(
.DATA=10;77;1176155;25/10/21;20:07:00;159.4;5.315E-02;3.142E-15;1.863E-14;2.177E-13;1.799E-16;3.368E-03;7.612E+00;25.0;17.0;1012;2.2;}
.DATA=10;77;1176156;25/10/21;20:08:00;212.2;1.143E-01;1.453E-14;4.267E-14;2.622E-13;1.467E-16;1.557E-02;2.400E+01;25.0;17.0;1012;2.2;^E
.DATA=10;77;1176157;25/10/21;20:09:00;213.8;5.470E-02;3.328E-15;9.401E-15;6.297E-14;1.741E-16;3.568E-03;7.948E+00;25.0;17.0;1012;2.2;p
.DATA=10;64;1176158;25/10/21;20:10:00;215.7;1.830E-02;3.726E-16;2.316E-16;1.077E-15;1.794E-16;3.995E-04;1.538E+00;25.0;17.0;1012;2.2;^$
.DATA=10;64;1176159;25/10/21;20:11:00;216.1;1.398E-02;2.172E-16;7.1
2025-10-21 16:36:08.758166 - 2025-10-21T20:36:08.758109+00:00Z - OUT->IN: 50E-17;5.444E-16;1.614E-16;2.329E-04;1.026E+00;25.0;17.0;1012;2.2;^:
.DONE=1176150;10;1;

2025-10-21 16:36:08.843106 - 2025-10-21T20:36:08.843036+00:00Z - IN->OUT: .cont;

2025-10-21 16:36:09.758587 - 2025-10-21T20:36:09.758424+00:00Z - OUT->IN: .OK;
.DATA=10;64;1176160;25/10/21;20:12:00;216.7;1.438E-02;2.300E-16;2.817E-17;3.012E-16;1.688E-16;2.466E-04;1.071E+00;25.0;17.0;1012;2.2;^@
.DATA=10;64;1176161;25/10/21;20:13:00;217.0;1.526E-02;2.589E-16;3.378E-17;3.131E-16;1.824E-16;2.776E-04;1.171E+00;25.0;17.0;1012;2.2;^1
.DATA=10;64;1176162;25/10/21;20:14:00;217.2;1.568E-02;2.735E-16;6.235E-17;4.949E-16;1.944E-16;2.932E-04;1.220E+00;25.0;17.0;1012;2.2;^)
.DATA=10;77;1176163;25/10/21;20:15:00;214.3;4.075E-02;1.847E-15;5.039E-15;3.449E-14;2.009E-16;1.981E-03;5.111E+00;25.0;17.0;1012;2.2;^2
.DATA=10;64;1176164;25/10/21;20:16:00;216.1;1.484E-02;2.450E-16;3.303E-17;3.356E-16;1.746E-16;2.626E-04;1.123E+00;25.0;17.0;1012;2.2;^>
.DATA=10;77;1176165;25/10/21;20:17:00;214.3;4.486E-02;2.239E-15;6.005E-15;4.113E-14;2.085E-16;2.400E-03;5.902E+00;25.0;17.0;1012
2025-10-21 16:36:11.127274 - 2025-10-21T20:36:11.127056+00:00Z - OUT->IN: ;2.2;^>
.DATA=10;64;1176166;25/10/21;20:18:00;216.3;1.496E-02;2.491E-16;2.747E-17;3.173E-16;2.005E-16;2.670E-04;1.137E+00;25.0;17.0;1012;2.2;^/
.DATA=10;64;1176167;25/10/21;20:19:00;217.2;1.607E-02;2.873E-16;4.700E-17;3.970E-16;2.149E-16;3.080E-04;1.266E+00;25.0;17.0;1012;2.2;^+
.DATA=10;77;1176168;25/10/21;20:20:00;213.1;2.758E-02;8.458E-16;5.878E-15;6.300E-14;1.865E-16;9.069E-04;2.845E+00;25.0;17.0;1012;2.2;l
.DATA=10;77;1176169;25/10/21;20:21:00;213.6;7.475E-02;6.212E-15;1.283E-14;7.468E-14;1.628E-16;6.663E-03;1.270E+01;25.0;17.0;1012;2.2;^#
.DONE=1176160;10;1;

2025-10-21 16:36:11.845711 - 2025-10-21T20:36:11.845634+00:00Z - IN->OUT: .cont;

2025-10-21 16:36:12.394550 - 2025-10-21T20:36:12.394482+00:00Z - OUT->IN: .OK;
.DATA=10;64;1176170;25/10/21;20:22:00;215.3;1.391E-02;2.152E-16;2.496E-17;2.816E-16;1.785E-16;2.308E-04;1.019E+00;25.0;17.0;1012;2.2;^7
.DATA=10;64;1176171;25/10/21;20:23:00;216.2;1.377E-02;2.108E-16;2.681E-17;2.843E-16;1.607E-16;2.260E-04;1.003E+00;25.0;17.0;1012;2.2;^E
.DATA=10;64;1176172;25/10/21;20:24:00;216.5;1.596E-02;2.832E-16;7.545E-17;4.946E-16;1.849E-16;3.037E-04;1.252E+00;25.0;17.0;1012;2.2;|

2025-10-21 16:36:12.846794 - 2025-10-21T20:36:12.846728+00:00Z - IN->OUT: .show serialnr;

2025-10-21 16:36:13.561614 - 2025-10-21T20:36:13.561431+00:00Z - OUT->IN: .DATA=10;64;1176173;25/10/21;20:25:00;217.0;1.573E-02;2.752E-16;4.727E-17;4.212E-16;2.125E-16;2.951E-04;1.226E+00;25.0;17.0;1012;2.2;^:
.DATA=10;64;1176174;25/10/21;20:26:00;217.8;1.484E-02;2.451E-16;3.063E-17;3.709E-16;2.007E-16;2.628E-04;1.124E+00;25.0;17.0;1012;2.2;^4
.DATA=10;64;1176175;25/10/21;20:27:00;218.2;1.460E-02;2.372E-16;3.463E-17;3.411E-16;1.693E-16;2.543E-04;1.096E+00;25.0;17.0;1012;2.2;^3
.DATA=10;64;1176176;25/10/21;20:28:00;218.8;1.506E-02;2.523E-16;2.155E-17;3.116E-16;2.026E-16;2.705E-04;1.148E+00;25.0;17.0;1012;2.2;^8
.SerialNr='12:0026       ';
.OK;
.DATA=10;64;1176177;25/10/21;20:29:00;218.9;1.609E-02;2.879E-16;6.961E-17;5.097E-16;2.013E-16;3.086E-04;1.268E+00;25.0;17.0;1012;2.2;l
.DATA=10;64;1176178;25/10/21;20:30:00;219.1;1.449E-02;2.334E-16;3.822E-17;3.661E-16;1.778E-16;2.503E-04;1.083E+00;25.0;17.0;1012;2.2;^/
.DATA=10;64;1176179;25/10/21;20:31:00;219.3;1.419E-02;2.240E-16;2.166E-17;2.800E-16;1.766E-16;2.402E-04;1.050E+00;25.0;17.0;1012;2.2;^C
.DONE=1176170;10;1;

2025-10-21 16:36:14.848169 - 2025-10-21T20:36:14.848088+00:00Z - IN->OUT: .show version;
.show pathlength;
.cont;
.show installheight;
.show zerodisplacement;

2025-10-21 16:36:15.029986 - 2025-10-21T20:36:15.029832+00:00Z - OUT->IN: .Version='SerialNr';'12:0026       ';'DocNr';'120-0371500-4';'Rel';20;'Boot';200;'Firmware';302;
.OK;
.PathLength=2280.0;
.OK;
.OK;
.DATA=10;64;1176180;25/10/21;20:32:00;219.5;1.511E-02;2.538E-16;3.246E-17;3.721E-16;1.940E-16;2.721E-04;1.153E+00;25.0;17.0;1012;2.2;^@
.InstallHeight
2025-10-21 16:36:15.848629 - 2025-10-21T20:36:15.848544+00:00Z - IN->OUT: .show diameter;
.show bowenratio;
.show humidity;
.show airheatcapacity;

2025-10-21 16:36:16.130125 - 2025-10-21T20:36:16.129986+00:00Z - OUT->IN: =5.06;
.OK;
.ZeroDisplacement=0.00;
.OK;
.DATA=10;64;1176181;25/10/21;20:33:00;219.6;1.586E-02;2.797E-16;2.883E-17;3.311E-16;2.086E-16;2.998E-04;1.240E+00;25.0;17.0;1012;2.2;x
.DATA=10;64;1176182;25/10/21;20:34:00;219.7;1.594E-02;2.826E-16;2.757E-17;3.678E-16;2.299E-16;3.030E-04;1.250E+00;25.0;17.0;1012;2.2;|
.DATA=10;64;1176183;25/10/21;20:35:00;219.8;1.693E-02;3.189E-16;1.011E-16;6.013E-16;2.136E-16;3.419E-04;1.369E+00;25.0;17.0;1012;2.2;^-
.DATA=10;64;1176184;25/10/21;20:36:00;219.8;1.710E-02;3.253E-16;6.507E-17;5.060E-16;2.060E-16;3.487E-04;1.389E+00;25.0;17.0;1012;2.2;^)
.DONE=1176180;5;0;
.Diameter=149.0;
.OK;
.BowenRatio=1.000;
.OK;
.Humidity=50.0;
.OK;
.AirHeatCapacity=1000.0;
.OK;

2025-10-21 16:36:16.849065 - 2025-10-21T20:36:16.849001+00:00Z - IN->OUT: .show empiricalconstant;
.show operatingtemp;
.show standbytemp;
.stop;
.show defaultairtemp;

2025-10-21 16:36:17.465097 - 2025-10-21T20:36:17.464918+00:00Z - OUT->IN: .EmpiricalConstant=0.48;
.OK;
.OperatingTemp=18.0;
.OK;
.StandbyTemp=05.0;
.OK;
.OK;
.DefaultAirTemp=17.0;
.OK;

2025-10-21 16:36:17.849580 - 2025-10-21T20:36:17.849532+00:00Z - IN->OUT: .show defaultairpressure;
.show defaultwindspeed;
.show wakeuptime;
.show sleeptime;

2025-10-21 16:36:18.466011 - 2025-10-21T20:36:18.465852+00:00Z - OUT->IN: .DefaultAirPressure=1012;
.OK;
.DefaultWindspeed=02.2;
.OK;
.WakeupTime=99:99;
.OK;
.SleepTime=99:99;
.OK;

2025-10-21 16:36:18.850030 - 2025-10-21T20:36:18.849956+00:00Z - IN->OUT: .show warmuptime;
.show loginterval;
.show sendinterval;
.show date;

2025-10-21 16:36:19.466938 - 2025-10-21T20:36:19.466783+00:00Z - OUT->IN: .WarmupTime=00;
.OK;
.LogInterval=60;
.OK;
.SendInterval=00;
.OK;
.Date=25/10/21;
.OK;

2025-10-21 16:36:19.850991 - 2025-10-21T20:36:19.850914+00:00Z - IN->OUT: .show time;
.get position;

2025-10-21 16:36:20.467835 - 2025-10-21T20:36:20.467692+00:00Z - OUT->IN: .Time=20:36:25;
.OK;
.STATUS=7;203618.000;a;4135.7210;n;07054.5939;w;3.76;55.09;211025;;;a;^^_
.OK;

2025-10-21 16:36:54.501226 - 2025-10-21T20:36:54.501104+00:00Z - OUT->IN: .DATA=10;77;1176185;25/10/21;20:37:00;219.9;1.624E-02;2.934E-16;3.403E-17;3.788E-16;2.348E-16;3.145E-04;1.286E+00;25.0;17.0;1012;2.2;t

2025-10-21 16:37:00.892622 - 2025-10-21T20:37:00.892503+00:00Z - IN->OUT: .get status;

2025-10-21 16:37:01.540713 - 2025-10-21T20:37:01.540642+00:00Z - OUT->IN: .STATUS=2;64;1130881;1176186;25/10/21;20:37:06;240.0;1.516E-02;2.555E-16;4.824E-18;2.651E-16;2.436E-16;2.739E-04;1.159E+00;25.0;17.0;1012;2.2;C
.OK;

2025-10-21 16:37:13.905106 - 2025-10-21T20:37:13.905011+00:00Z - IN->OUT: .show serialnr;
2025-10-21 16:37:14.586394 - 2025-10-21T20:37:14.586322+00:00Z - OUT->IN: .SerialNr='12:0026       ';
.OK;

2025-10-21 16:37:14.906315 - 2025-10-21T20:37:14.906226+00:00Z - IN->OUT: 

2025-10-21 16:37:15.906976 - 2025-10-21T20:37:15.906901+00:00Z - IN->OUT: .show version;
.show pathlength;

2025-10-21 16:37:16.588169 - 2025-10-21T20:37:16.588108+00:00Z - OUT->IN: .Version='SerialNr';'12:0026       ';'DocNr';'120-0371500-4';'Rel';20;'Boot';200;'Firmware';302;
.OK;
.PathLength=2280.0;
.OK;

2025-10-21 16:37:16.907401 - 2025-10-21T20:37:16.907335+00:00Z - IN->OUT: .show installheight;
.show zerodisplacement;

2025-10-21 16:37:17.621621 - 2025-10-21T20:37:17.621568+00:00Z - OUT->IN: .InstallHeight=5.06;
.OK;
.ZeroDisplacement=0.00;
.OK;

2025-10-21 16:37:17.907649 - 2025-10-21T20:37:17.907573+00:00Z - IN->OUT: .show diameter;
.show bowenratio;
.show humidity;
.show airheatcapacity;
.show empiricalc
2025-10-21 16:37:18.622438 - 2025-10-21T20:37:18.622385+00:00Z - OUT->IN: .Diameter=149.0;
.OK;
.BowenRatio=1.000;
.OK;
.Humidity=50.0;
.OK;
.AirHeatCapacity=1000.0;
.OK;

2025-10-21 16:37:18.908167 - 2025-10-21T20:37:18.908080+00:00Z - IN->OUT: onstant;
.show operatingtemp;
.show standbytemp;
.show defaultairtemp;

2025-10-21 16:37:19.623401 - 2025-10-21T20:37:19.623335+00:00Z - OUT->IN: .EmpiricalConstant=0.48;
.OK;
.OperatingTemp=18.0;
.OK;
.StandbyTemp=05.0;
.OK;
.DefaultAirTemp=17.0;
.OK;

2025-10-21 16:37:19.908510 - 2025-10-21T20:37:19.908454+00:00Z - IN->OUT: .show defaultairpressure;
.show defaultwindspeed;
.show wakeuptime;
.show sleeptime;
.show warmuptime
2025-10-21 16:37:20.624318 - 2025-10-21T20:37:20.624250+00:00Z - OUT->IN: .DefaultAirPressure=1012;
.OK;
.DefaultWindspeed=02.2;
.OK;
.WakeupTime=99:99;
.OK;
.SleepTime=99:99;
.OK;

2025-10-21 16:37:20.909037 - 2025-10-21T20:37:20.908960+00:00Z - IN->OUT: ;
.show loginterval;
.show sendinterval;
.show date;

2025-10-21 16:37:21.625236 - 2025-10-21T20:37:21.625177+00:00Z - OUT->IN: .WarmupTime=00;
.OK;
.LogInterval=60;
.OK;
.SendInterval=00;
.OK;
.Date=25/10/21;
.OK;

2025-10-21 16:37:21.909999 - 2025-10-21T20:37:21.909932+00:00Z - IN->OUT: .show time;
.get position;

2025-10-21 16:37:22.626133 - 2025-10-21T20:37:22.626069+00:00Z - OUT->IN: .Time=20:37:27;
.OK;
.STATUS=7;203718.000;a;4135.7209;n;07054.6065;w;1.32;54.56;211025;;;a;$
.OK;

2025-10-21 16:37:54.658364 - 2025-10-21T20:37:54.658254+00:00Z - OUT->IN: .DATA=10;77;1176186;25/10/21;20:38:00;219.9;1.556E-02;2.692E-16;3.675E-17;3.450E-16;1.874E-16;2.886E-04;1.205E+00;25.0;17.0;1012;2.2;k

2025-10-21 16:38:01.950166 - 2025-10-21T20:38:01.950072+00:00Z - IN->OUT: .get status;

2025-10-21 16:38:02.698927 - 2025-10-21T20:38:02.698855+00:00Z - OUT->IN: .STATUS=2;64;1130881;1176187;25/10/21;20:38:07;237.1;2.077E-02;4.797E-16;9.935E-18;5.097E-16;4.641E-16;5.143E-04;1.859E+00;25.0;17.0;1012;2.2;^^b
.OK;

2025-10-21 16:38:02.950453 - 2025-10-21T20:38:02.950381+00:00Z - IN->OUT: .stop=0;.play=10;.get status;

2025-10-21 16:38:03.732107 - 2025-10-21T20:38:03.732041+00:00Z - OUT->IN: .STATUS=2;64;1130881;1176187;25/10/21;20:38:08;235.2;2.126E-02;5.029E-16;1.180E-17;5.252E-16;4.883E-16;5.392E-04;1.926E+00;25.0;17.0;1012;2.2;=
.OK;
.DATA=10;77;1176185;25/10/21;20:37:00;219.9;1.624E-02;2.934E-16;3.403E-17;3.788E-16;2.348E-16;3.145E-04;1.286E+00;25.0;17.0;1012;2.2;t
.DATA=10;77;1176186;25/10/21;20:38:00;219.9;1.556E-02;2.692E-16;3.675E-17;3.450E-16;1.874E-16;2.886E-04;1.205E+00;25.0;17.0;1012;2.2;k
.DONE=1176185;2;0;

2025-10-21 16:38:04.952617 - 2025-10-21T20:38:04.952549+00:00Z - IN->OUT: .replay

2025-10-21 16:38:05.900486 - 2025-10-21T20:38:05.900419+00:00Z - OUT->IN: .OK;
.DATA=10;77;1176185;25/10/21;20:37:00;219.9;1.624E-02;2.934E-16;3.403E-17;3.788E-16;2.348E-16;3.145E-04;1.286E+00;25.0;17.0;1012;2.2;t
.DATA=10;77;1176186;25/10/21;20:38:00;219.9;1.556E-02;2.692E-16;3.675E-17;3.450E-16;1.874E-16;2.886E-04;1.205E+00;25.0;17.0;1012;2.2;k
.DONE=1176185;2;0;

2025-10-21 16:38:06.954685 - 2025-10-21T20:38:06.954608+00:00Z - IN->OUT: .stop;

2025-10-21 16:38:07.000396 - 2025-10-21T20:38:07.000333+00:00Z - OUT->IN: .OK;

2025-10-21 16:38:14.962305 - 2025-10-21T20:38:14.962201+00:00Z - IN->OUT: .show serialnr;

2025-10-21 16:38:15.007748 - 2025-10-21T20:38:15.007675+00:00Z - OUT->IN: .SerialNr='12:0026       ';
.OK
2025-10-21 16:38:16.008934 - 2025-10-21T20:38:16.008876+00:00Z - OUT->IN: ;

2025-10-21 16:38:16.963573 - 2025-10-21T20:38:16.963496+00:00Z - IN->OUT: .show version;

2025-10-21 16:38:17.009147 - 2025-10-21T20:38:17.009084+00:00Z - OUT->IN: .Version='SerialNr';'12:0026    
2025-10-21 16:38:17.963797 - 2025-10-21T20:38:17.963734+00:00Z - IN->OUT: .show pathlength;
.show installheight;

2025-10-21 16:38:18.009390 - 2025-10-21T20:38:18.009333+00:00Z - OUT->IN:    ';'DocNr';'120-0371500-4';'Rel';20;'Boot';200;'Firmware';302;
.OK;
.PathLength=2280.0;
.OK;
.InstallHeight=5.06;
2025-10-21 16:38:18.964044 - 2025-10-21T20:38:18.963966+00:00Z - IN->OUT: .show zerodisplacement;
.show diameter;
.show bowenratio;

2025-10-21 16:38:19.009761 - 2025-10-21T20:38:19.009707+00:00Z - OUT->IN: 
.OK;
.ZeroDisplacement=0.00;
.OK;
.Diameter=149.0;
2025-10-21 16:38:19.964298 - 2025-10-21T20:38:19.964230+00:00Z - IN->OUT: .show humidity;
.show airheatcapacity;
.show empiricalconstant;

2025-10-21 16:38:20.010003 - 2025-10-21T20:38:20.009942+00:00Z - OUT->IN: 
.OK;
.BowenRatio=1.000;
.OK;
.Humidity=50.0;
.OK;
.AirHeatCapacity=1000.0;
2025-10-21 16:38:20.964596 - 2025-10-21T20:38:20.964523+00:00Z - IN->OUT: .show operatingtemp;
.show standbytemp;
.show defaultairtemp;
.show defaultairpressure;

2025-10-21 16:38:21.010296 - 2025-10-21T20:38:21.010242+00:00Z - OUT->IN: 
.OK;
.EmpiricalConstant=0.48;
.OK;
.OperatingTemp=18.0;
.OK;
.StandbyTemp=05.0;

2025-10-21 16:38:21.964900 - 2025-10-21T20:38:21.964836+00:00Z - IN->OUT: .show defaultwindspeed;
.show wakeuptime;
.show sleeptime;
.show warmuptime;

2025-10-21 16:38:22.010587 - 2025-10-21T20:38:22.010525+00:00Z - OUT->IN: .OK;
.DefaultAirTemp=17.0;
.OK;
.DefaultAirPressure=1012;
.OK;
.DefaultWindspeed=02.2;
.OK;
.WakeupTime=99:99
2025-10-21 16:38:22.965235 - 2025-10-21T20:38:22.965147+00:00Z - IN->OUT: .show loginterval;
.show sendinterval;
.show date;
.show time;

2025-10-21 16:38:23.010957 - 2025-10-21T20:38:23.010901+00:00Z - OUT->IN: ;
.OK;
.SleepTime=99:99;
.OK;
.WarmupTime=00;
.OK;
.LogInterval=60;
.OK;
.SendInterval=00;
.OK;
2025-10-21 16:38:23.966354 - 2025-10-21T20:38:23.966298+00:00Z - IN->OUT: .get position;

2025-10-21 16:38:24.011270 - 2025-10-21T20:38:24.011217+00:00Z - OUT->IN: 
.Date=25/10/21;
.OK;
.Time=20:38:28;
.OK;
.STATUS=7;203818.000;a;4135.7215;n;07054.6133;w;
2025-10-21 16:38:25.012488 - 2025-10-21T20:38:25.012442+00:00Z - OUT->IN: 0.87;54.56;211025;;;a;!
.OK;
